Arguments: 
  /Users/woojongkim/.nvm/versions/node/v13.1.0/bin/node /Users/woojongkim/.nvm/versions/node/v13.1.0/bin/yarn init

PATH: 
  /Library/Frameworks/Python.framework/Versions/3.8/bin:/Library/Frameworks/Python.framework/Versions/3.8/bin:/Users/woojongkim/Library/Android/sdk/platform-tools:/Users/woojongkim/.nvm/versions/node/v13.1.0/bin:/usr/local/bin:/usr/bin:/bin:/usr/sbin:/sbin:/Library/Frameworks/Python.framework/Versions/3.8/bin:/Users/woojongkim/Library/Android/sdk/platform-tools

Yarn version: 
  1.19.1

Node version: 
  13.1.0

Platform: 
  darwin x64

Trace: 
  Error: canceled
      at Interface.<anonymous> (/Users/woojongkim/.nvm/versions/node/v13.1.0/lib/node_modules/yarn/lib/cli.js:136824:13)
      at Interface.emit (events.js:210:5)
      at Interface._ttyWrite (readline.js:887:16)
      at ReadStream.onkeypress (readline.js:191:10)
      at ReadStream.emit (events.js:210:5)
      at emitKeys (internal/readline/utils.js:433:14)
      at emitKeys.next (<anonymous>)
      at ReadStream.onData (readline.js:1153:36)
      at ReadStream.emit (events.js:210:5)
      at addChunk (_stream_readable.js:326:12)

npm manifest: 
  No manifest

yarn manifest: 
  No manifest

Lockfile: 
  No lockfile
